Determining if the pthread_create exist failed with the following output:
Change Dir: /home/mick/pc2oculus/build/CMakeFiles/CMakeTmp

Run Build Command:/usr/bin/make "cmTryCompileExec2930183813/fast"
/usr/bin/make -f CMakeFiles/cmTryCompileExec2930183813.dir/build.make CMakeFiles/cmTryCompileExec2930183813.dir/build
make[1]: Entering directory `/home/mick/pc2oculus/build/CMakeFiles/CMakeTmp'
/usr/bin/cmake -E cmake_progress_report /home/mick/pc2oculus/build/CMakeFiles/CMakeTmp/CMakeFiles 1
Building C object CMakeFiles/cmTryCompileExec2930183813.dir/CheckSymbolExists.c.o
/usr/bin/cc    -o CMakeFiles/cmTryCompileExec2930183813.dir/CheckSymbolExists.c.o   -c /home/mick/pc2oculus/build/CMakeFiles/CMakeTmp/CheckSymbolExists.c
Linking C executable cmTryCompileExec2930183813
/usr/bin/cmake -E cmake_link_script CMakeFiles/cmTryCompileExec2930183813.dir/link.txt --verbose=1
/usr/bin/cc       CMakeFiles/cmTryCompileExec2930183813.dir/CheckSymbolExists.c.o  -o cmTryCompileExec2930183813 -rdynamic 
CMakeFiles/cmTryCompileExec2930183813.dir/CheckSymbolExists.c.o: In function `main':
CheckSymbolExists.c:(.text+0x16): undefined reference to `pthread_create'
collect2: error: ld returned 1 exit status
make[1]: *** [cmTryCompileExec2930183813] Error 1
make[1]: Leaving directory `/home/mick/pc2oculus/build/CMakeFiles/CMakeTmp'
make: *** [cmTryCompileExec2930183813/fast] Error 2

File /home/mick/pc2oculus/build/CMakeFiles/CMakeTmp/CheckSymbolExists.c:
/* */
#include <pthread.h>

int main(int argc, char** argv)
{
  (void)argv;
#ifndef pthread_create
  return ((int*)(&pthread_create))[argc];
#else
  (void)argc;
  return 0;
#endif
}

Determining if the function pthread_create exists in the pthreads failed with the following output:
Change Dir: /home/mick/pc2oculus/build/CMakeFiles/CMakeTmp

Run Build Command:/usr/bin/make "cmTryCompileExec3586736678/fast"
/usr/bin/make -f CMakeFiles/cmTryCompileExec3586736678.dir/build.make CMakeFiles/cmTryCompileExec3586736678.dir/build
make[1]: Entering directory `/home/mick/pc2oculus/build/CMakeFiles/CMakeTmp'
/usr/bin/cmake -E cmake_progress_report /home/mick/pc2oculus/build/CMakeFiles/CMakeTmp/CMakeFiles 1
Building C object CMakeFiles/cmTryCompileExec3586736678.dir/CheckFunctionExists.c.o
/usr/bin/cc   -DCHECK_FUNCTION_EXISTS=pthread_create   -o CMakeFiles/cmTryCompileExec3586736678.dir/CheckFunctionExists.c.o   -c /usr/share/cmake-2.8/Modules/CheckFunctionExists.c
Linking C executable cmTryCompileExec3586736678
/usr/bin/cmake -E cmake_link_script CMakeFiles/cmTryCompileExec3586736678.dir/link.txt --verbose=1
/usr/bin/cc   -DCHECK_FUNCTION_EXISTS=pthread_create    CMakeFiles/cmTryCompileExec3586736678.dir/CheckFunctionExists.c.o  -o cmTryCompileExec3586736678 -rdynamic -lpthreads 
/usr/bin/ld: cannot find -lpthreads
collect2: error: ld returned 1 exit status
make[1]: *** [cmTryCompileExec3586736678] Error 1
make[1]: Leaving directory `/home/mick/pc2oculus/build/CMakeFiles/CMakeTmp'
make: *** [cmTryCompileExec3586736678/fast] Error 2


Determining if the Q_WS_WIN exist failed with the following output:
Change Dir: /home/mick/pc2oculus/build/CMakeFiles/CMakeTmp

Run Build Command:/usr/bin/make "cmTryCompileExec33193974/fast"
make[1]: Entering directory `/home/mick/pc2oculus/build/CMakeFiles/CMakeTmp'
/usr/bin/make -f CMakeFiles/cmTryCompileExec33193974.dir/build.make CMakeFiles/cmTryCompileExec33193974.dir/build
make[2]: Entering directory `/home/mick/pc2oculus/build/CMakeFiles/CMakeTmp'
/usr/bin/cmake -E cmake_progress_report /home/mick/pc2oculus/build/CMakeFiles/CMakeTmp/CMakeFiles 1
Building CXX object CMakeFiles/cmTryCompileExec33193974.dir/CheckSymbolExists.cxx.o
/usr/bin/c++    -I/usr/include/qt4    -o CMakeFiles/cmTryCompileExec33193974.dir/CheckSymbolExists.cxx.o -c /home/mick/pc2oculus/build/CMakeFiles/CMakeTmp/CheckSymbolExists.cxx
/home/mick/pc2oculus/build/CMakeFiles/CMakeTmp/CheckSymbolExists.cxx: In function ‘int main(int, char**)’:
/home/mick/pc2oculus/build/CMakeFiles/CMakeTmp/CheckSymbolExists.cxx:8:19: error: ‘Q_WS_WIN’ was not declared in this scope
   return ((int*)(&Q_WS_WIN))[argc];
                   ^
make[2]: *** [CMakeFiles/cmTryCompileExec33193974.dir/CheckSymbolExists.cxx.o] Error 1
make[2]: Leaving directory `/home/mick/pc2oculus/build/CMakeFiles/CMakeTmp'
make[1]: *** [cmTryCompileExec33193974/fast] Error 2
make[1]: Leaving directory `/home/mick/pc2oculus/build/CMakeFiles/CMakeTmp'

File /home/mick/pc2oculus/build/CMakeFiles/CMakeTmp/CheckSymbolExists.cxx:
/* */
#include <QtCore/qglobal.h>

int main(int argc, char** argv)
{
  (void)argv;
#ifndef Q_WS_WIN
  return ((int*)(&Q_WS_WIN))[argc];
#else
  (void)argc;
  return 0;
#endif
}

Determining if the Q_WS_QWS exist failed with the following output:
Change Dir: /home/mick/pc2oculus/build/CMakeFiles/CMakeTmp

Run Build Command:/usr/bin/make "cmTryCompileExec4256950338/fast"
make[1]: Entering directory `/home/mick/pc2oculus/build/CMakeFiles/CMakeTmp'
/usr/bin/make -f CMakeFiles/cmTryCompileExec4256950338.dir/build.make CMakeFiles/cmTryCompileExec4256950338.dir/build
make[2]: Entering directory `/home/mick/pc2oculus/build/CMakeFiles/CMakeTmp'
/usr/bin/cmake -E cmake_progress_report /home/mick/pc2oculus/build/CMakeFiles/CMakeTmp/CMakeFiles 1
Building CXX object CMakeFiles/cmTryCompileExec4256950338.dir/CheckSymbolExists.cxx.o
/usr/bin/c++    -I/usr/include/qt4    -o CMakeFiles/cmTryCompileExec4256950338.dir/CheckSymbolExists.cxx.o -c /home/mick/pc2oculus/build/CMakeFiles/CMakeTmp/CheckSymbolExists.cxx
/home/mick/pc2oculus/build/CMakeFiles/CMakeTmp/CheckSymbolExists.cxx: In function ‘int main(int, char**)’:
/home/mick/pc2oculus/build/CMakeFiles/CMakeTmp/CheckSymbolExists.cxx:8:19: error: ‘Q_WS_QWS’ was not declared in this scope
   return ((int*)(&Q_WS_QWS))[argc];
                   ^
make[2]: *** [CMakeFiles/cmTryCompileExec4256950338.dir/CheckSymbolExists.cxx.o] Error 1
make[2]: Leaving directory `/home/mick/pc2oculus/build/CMakeFiles/CMakeTmp'
make[1]: *** [cmTryCompileExec4256950338/fast] Error 2
make[1]: Leaving directory `/home/mick/pc2oculus/build/CMakeFiles/CMakeTmp'

File /home/mick/pc2oculus/build/CMakeFiles/CMakeTmp/CheckSymbolExists.cxx:
/* */
#include <QtCore/qglobal.h>

int main(int argc, char** argv)
{
  (void)argv;
#ifndef Q_WS_QWS
  return ((int*)(&Q_WS_QWS))[argc];
#else
  (void)argc;
  return 0;
#endif
}

Determining if the Q_WS_MAC exist failed with the following output:
Change Dir: /home/mick/pc2oculus/build/CMakeFiles/CMakeTmp

Run Build Command:/usr/bin/make "cmTryCompileExec4203351245/fast"
make[1]: Entering directory `/home/mick/pc2oculus/build/CMakeFiles/CMakeTmp'
/usr/bin/make -f CMakeFiles/cmTryCompileExec4203351245.dir/build.make CMakeFiles/cmTryCompileExec4203351245.dir/build
make[2]: Entering directory `/home/mick/pc2oculus/build/CMakeFiles/CMakeTmp'
/usr/bin/cmake -E cmake_progress_report /home/mick/pc2oculus/build/CMakeFiles/CMakeTmp/CMakeFiles 1
Building CXX object CMakeFiles/cmTryCompileExec4203351245.dir/CheckSymbolExists.cxx.o
/usr/bin/c++    -I/usr/include/qt4    -o CMakeFiles/cmTryCompileExec4203351245.dir/CheckSymbolExists.cxx.o -c /home/mick/pc2oculus/build/CMakeFiles/CMakeTmp/CheckSymbolExists.cxx
/home/mick/pc2oculus/build/CMakeFiles/CMakeTmp/CheckSymbolExists.cxx: In function ‘int main(int, char**)’:
/home/mick/pc2oculus/build/CMakeFiles/CMakeTmp/CheckSymbolExists.cxx:8:19: error: ‘Q_WS_MAC’ was not declared in this scope
   return ((int*)(&Q_WS_MAC))[argc];
                   ^
make[2]: *** [CMakeFiles/cmTryCompileExec4203351245.dir/CheckSymbolExists.cxx.o] Error 1
make[2]: Leaving directory `/home/mick/pc2oculus/build/CMakeFiles/CMakeTmp'
make[1]: *** [cmTryCompileExec4203351245/fast] Error 2
make[1]: Leaving directory `/home/mick/pc2oculus/build/CMakeFiles/CMakeTmp'

File /home/mick/pc2oculus/build/CMakeFiles/CMakeTmp/CheckSymbolExists.cxx:
/* */
#include <QtCore/qglobal.h>

int main(int argc, char** argv)
{
  (void)argv;
#ifndef Q_WS_MAC
  return ((int*)(&Q_WS_MAC))[argc];
#else
  (void)argc;
  return 0;
#endif
}

